#
# A fatal error has been detected by the Java Runtime Environment:
#
#  EXCEPTION_ACCESS_VIOLATION (0xc0000005) at pc=0x000000006741cc23, pid=5644, tid=11932
#
# JRE version: Java(TM) SE Runtime Environment (10.0.2+13) (build 10.0.2+13)
# Java VM: Java HotSpot(TM) 64-Bit Server VM (10.0.2+13, mixed mode, tiered, compressed oops, g1 gc, windows-amd64)
# Problematic frame:
# V  [jvm.dll+0x31cc23]
#
# No core dump will be written. Minidumps are not enabled by default on client versions of Windows
#
# If you would like to submit a bug report, please visit:
#   http://bugreport.java.com/bugreport/crash.jsp
#

---------------  S U M M A R Y ------------

Command Line: -agentlib:jdwp=transport=dt_socket,suspend=y,address=localhost:50698 -Dcom.sun.management.jmxremote -Dcom.sun.management.jmxremote.port=50697 -Dcom.sun.management.jmxremote.authenticate=false -Dcom.sun.management.jmxremote.ssl=false -Djava.rmi.server.hostname=localhost -Dspring.liveBeansView.mbeanDomain -Dspring.application.admin.enabled=true -Xverify:none -XX:TieredStopAtLevel=1 -Dfile.encoding=UTF-8 com.example.api.SpringBootMongoDbApplication --spring.output.ansi.enabled=always

Host: Intel(R) Core(TM) i5-7200U CPU @ 2.50GHz, 4 cores, 7G,  Windows 10 , 64 bit Build 16299 (10.0.16299.431)
Time: Fri Nov 23 08:07:46 2018 SE Asia Standard Time elapsed time: 962 seconds (0d 0h 16m 2s)

---------------  T H R E A D  ---------------

Current thread (0x000002cc622d1800):  VMThread "VM Thread" [stack: 0x000000d6d3a00000,0x000000d6d3b00000] [id=11932]

Stack: [0x000000d6d3a00000,0x000000d6d3b00000],  sp=0x000000d6d3aff140,  free space=1020k
Native frames: (J=compiled Java code, j=interpreted, Vv=VM code, C=native code)
V  [jvm.dll+0x31cc23]
V  [jvm.dll+0x320673]
V  [jvm.dll+0x320a62]
V  [jvm.dll+0x31ced5]
V  [jvm.dll+0x59097f]
V  [jvm.dll+0x590d66]
V  [jvm.dll+0x590b26]
V  [jvm.dll+0x55c148]
V  [jvm.dll+0x473bca]
V  [jvm.dll+0x6c47bc]
V  [jvm.dll+0x6c2f25]
V  [jvm.dll+0x6c3730]
V  [jvm.dll+0x6c3a6c]
V  [jvm.dll+0x59f4b0]
C  [msvcr120.dll+0x24f7f]
C  [msvcr120.dll+0x25126]
C  [KERNEL32.DLL+0x11fe4]
C  [ntdll.dll+0x6cb31]


siginfo: EXCEPTION_ACCESS_VIOLATION (0xc0000005), reading address 0xffffffffffffffff


Register to memory mapping:

RIP=0x000000006741cc23 jvm.dll
RAX=0x000002cc6226a0d0 is an unknown value
RBX=0x000000d6d3aff360 is an unknown value
RCX=0x000000d6d3aff3d0 is an unknown value
RDX=0xffffffffffffcc72 is an unknown value
RSP=0x000000d6d3aff140 is an unknown value
RBP=0x000000d6d3aff1a0 is an unknown value
RSI=0x0000000000000000 is an unknown value
RDI=0x000000000000009a is an unknown value
R8 =0x03ffffffffffff31 is an unknown value
R9 =0x0000000000000032 is an unknown value
R10=0x0000000000000072 is an unknown value
R11=0x000000010037bfc0 is pointing into metadata
R12=0x0000000000000000 is an unknown value
R13=0x00000000000003d8 is an unknown value
R14=0x000000006741cc00 jvm.dll
R15=0x0000000000000187 is an unknown value


Registers:
RAX=0x000002cc6226a0d0, RBX=0x000000d6d3aff360, RCX=0x000000d6d3aff3d0, RDX=0xffffffffffffcc72
RSP=0x000000d6d3aff140, RBP=0x000000d6d3aff1a0, RSI=0x0000000000000000, RDI=0x000000000000009a
R8 =0x03ffffffffffff31, R9 =0x0000000000000032, R10=0x0000000000000072, R11=0x000000010037bfc0
R12=0x0000000000000000, R13=0x00000000000003d8, R14=0x000000006741cc00, R15=0x0000000000000187
RIP=0x000000006741cc23, EFLAGS=0x0000000000010a03

Top of Stack: (sp=0x000000d6d3aff140)
0x000000d6d3aff140:   0000000000000000 00000000671bb800
0x000000d6d3aff150:   0000000000000000 0000000000000000
0x000000d6d3aff160:   000000d6d3aff360 0000000067420673
0x000000d6d3aff170:   000002cc44bfebca 000000d6d3aff360
0x000000d6d3aff180:   000002cc64948190 00000000671bbc10
0x000000d6d3aff190:   000000d6d3aff1f0 0000000067421054
0x000000d6d3aff1a0:   000002cc6226a408 0000000000000001
0x000000d6d3aff1b0:   000000000000009a 000002cc6226a020
0x000000d6d3aff1c0:   0000000000000187 0000000067420a62
0x000000d6d3aff1d0:   0000000000000182 0000000000000001
0x000000d6d3aff1e0:   000000d6d3aff360 000002cc6226a020
0x000000d6d3aff1f0:   000002cc65c44988 000002cc622d1800
0x000000d6d3aff200:   0000018a00000187 0000009a000001db
0x000000d6d3aff210:   000001db00000000 ffffffff0000009a
0x000000d6d3aff220:   000002cc6226a408 0000000000000000
0x000000d6d3aff230:   000000006787d698 000000006741ced5 

Instructions: (pc=0x000000006741cc23)
0x000000006741cc03:   83 ec 20 48 63 d2 48 8b d9 48 83 c1 70 0f b6 c2
0x000000006741cc13:   4c 8b c2 24 3f 49 c1 e8 06 44 0f b6 c8 48 8b 01
0x000000006741cc23:   4e 8b 04 c0 4d 0f a3 c8 72 0b 41 b0 01 e8 3b 89
0x000000006741cc33:   de ff ff 43 6c 48 83 c4 20 5b c3 cc cc 48 83 ec 


VM_Operation (0x000000d6d43ff840): GetOrSetLocal, mode: safepoint, requested by thread 0x000002cc62d96800


---------------  P R O C E S S  ---------------

Threads class SMR info:
_java_thread_list=0x000002cc6387df10, length=41, elements={
0x000002cc622dc000, 0x000002cc622e5800, 0x000002cc622f3800, 0x000002cc622f6000,
0x000002cc622f9800, 0x000002cc62305800, 0x000002cc6230b000, 0x000002cc62c20800,
0x000002cc62d96800, 0x000002cc62d9a000, 0x000002cc62d9c800, 0x000002cc62dab800,
0x000002cc62db8800, 0x000002cc63716000, 0x000002cc63609000, 0x000002cc63720000,
0x000002cc64d89800, 0x000002cc64d83800, 0x000002cc64d86800, 0x000002cc64d8a800,
0x000002cc64d85000, 0x000002cc64d89000, 0x000002cc64d85800, 0x000002cc64d87000,
0x000002cc64d88000, 0x000002cc63af5000, 0x000002cc63af0000, 0x000002cc63aee800,
0x000002cc63af2800, 0x000002cc63af1800, 0x000002cc63aef800, 0x000002cc63aed800,
0x000002cc63af6800, 0x000002cc63af7000, 0x000002cc63af8000, 0x000002cc63af5800,
0x000002cc63af1000, 0x000002cc63af8800, 0x000002cc63af9800, 0x000002cc63afa800,
0x000002cc63af3000
}

Java Threads: ( => current thread )
  0x000002cc622dc000 JavaThread "Reference Handler" daemon [_thread_blocked, id=10712, stack(0x000000d6d3b00000,0x000000d6d3c00000)]
  0x000002cc622e5800 JavaThread "Finalizer" daemon [_thread_blocked, id=4252, stack(0x000000d6d3c00000,0x000000d6d3d00000)]
  0x000002cc622f3800 JavaThread "Signal Dispatcher" daemon [_thread_blocked, id=15852, stack(0x000000d6d3d00000,0x000000d6d3e00000)]
  0x000002cc622f6000 JavaThread "Attach Listener" daemon [_thread_blocked, id=8088, stack(0x000000d6d3e00000,0x000000d6d3f00000)]
  0x000002cc622f9800 JavaThread "C1 CompilerThread0" daemon [_thread_blocked, id=8524, stack(0x000000d6d3f00000,0x000000d6d4000000)]
  0x000002cc62305800 JavaThread "C1 CompilerThread1" daemon [_thread_blocked, id=15796, stack(0x000000d6d4000000,0x000000d6d4100000)]
  0x000002cc6230b000 JavaThread "C1 CompilerThread2" daemon [_thread_blocked, id=14968, stack(0x000000d6d4100000,0x000000d6d4200000)]
  0x000002cc62c20800 JavaThread "Sweeper thread" daemon [_thread_blocked, id=9992, stack(0x000000d6d4200000,0x000000d6d4300000)]
  0x000002cc62d96800 JavaThread "JDWP Transport Listener: dt_socket" daemon [_thread_blocked, id=11324, stack(0x000000d6d4300000,0x000000d6d4400000)] _threads_hazard_ptr=0x000002cc6387df10
  0x000002cc62d9a000 JavaThread "JDWP Event Helper Thread" daemon [_thread_blocked, id=228, stack(0x000000d6d4400000,0x000000d6d4500000)]
  0x000002cc62d9c800 JavaThread "JDWP Command Reader" daemon [_thread_in_native, id=6444, stack(0x000000d6d4500000,0x000000d6d4600000)]
  0x000002cc62dab800 JavaThread "Service Thread" daemon [_thread_blocked, id=13216, stack(0x000000d6d4600000,0x000000d6d4700000)]
  0x000002cc62db8800 JavaThread "Common-Cleaner" daemon [_thread_blocked, id=7696, stack(0x000000d6d4700000,0x000000d6d4800000)]
  0x000002cc63716000 JavaThread "RMI TCP Accept-0" daemon [_thread_in_native, id=14312, stack(0x000000d6d4800000,0x000000d6d4900000)]
  0x000002cc63609000 JavaThread "RMI TCP Accept-50697" daemon [_thread_in_native, id=12700, stack(0x000000d6d4900000,0x000000d6d4a00000)]
  0x000002cc63720000 JavaThread "RMI TCP Accept-0" daemon [_thread_in_native, id=11692, stack(0x000000d6d4a00000,0x000000d6d4b00000)]
  0x000002cc64d89800 JavaThread "ContainerBackgroundProcessor[StandardEngine[Tomcat]]" daemon [_thread_blocked, id=3288, stack(0x000000d6d5000000,0x000000d6d5100000)]
  0x000002cc64d83800 JavaThread "container-0" [_thread_blocked, id=14840, stack(0x000000d6d5100000,0x000000d6d5200000)]
  0x000002cc64d86800 JavaThread "Thread-1" daemon [_thread_in_native, id=11384, stack(0x000000d6d5200000,0x000000d6d5300000)]
  0x000002cc64d8a800 JavaThread "cluster-ClusterId{value='5bf74f24494966160c19ced2', description='null'}-cluster0-shard-00-00-u9euo.mongodb.net:27017" daemon [_thread_blocked, id=15912, stack(0x000000d6d5300000,0x000000d6d5400000)]
  0x000002cc64d85000 JavaThread "cluster-ClusterId{value='5bf74f24494966160c19ced2', description='null'}-cluster0-shard-00-01-u9euo.mongodb.net:27017" daemon [_thread_blocked, id=12740, stack(0x000000d6d5400000,0x000000d6d5500000)]
  0x000002cc64d89000 JavaThread "cluster-ClusterId{value='5bf74f24494966160c19ced2', description='null'}-cluster0-shard-00-02-u9euo.mongodb.net:27017" daemon [_thread_blocked, id=9096, stack(0x000000d6d5500000,0x000000d6d5600000)]
  0x000002cc64d85800 JavaThread "CleanCursors-1-thread-1" daemon [_thread_blocked, id=15176, stack(0x000000d6d5600000,0x000000d6d5700000)]
  0x000002cc64d87000 JavaThread "MessageBroker-1" [_thread_blocked, id=9548, stack(0x000000d6d5800000,0x000000d6d5900000)]
  0x000002cc64d88000 JavaThread "NioBlockingSelector.BlockPoller-1" daemon [_thread_in_native, id=15368, stack(0x000000d6d5900000,0x000000d6d5a00000)]
  0x000002cc63af5000 JavaThread "http-nio-8091-exec-1" daemon [_thread_blocked, id=15616, stack(0x000000d6d5a00000,0x000000d6d5b00000)]
  0x000002cc63af0000 JavaThread "http-nio-8091-exec-2" daemon [_thread_blocked, id=14704, stack(0x000000d6d5b00000,0x000000d6d5c00000)]
  0x000002cc63aee800 JavaThread "http-nio-8091-exec-3" daemon [_thread_blocked, id=5812, stack(0x000000d6d5c00000,0x000000d6d5d00000)]
  0x000002cc63af2800 JavaThread "http-nio-8091-exec-4" daemon [_thread_blocked, id=5968, stack(0x000000d6d5d00000,0x000000d6d5e00000)]
  0x000002cc63af1800 JavaThread "http-nio-8091-exec-5" daemon [_thread_blocked, id=1324, stack(0x000000d6d5e00000,0x000000d6d5f00000)]
  0x000002cc63aef800 JavaThread "http-nio-8091-exec-6" daemon [_thread_blocked, id=8924, stack(0x000000d6d5f00000,0x000000d6d6000000)]
  0x000002cc63aed800 JavaThread "http-nio-8091-exec-7" daemon [_thread_blocked, id=12024, stack(0x000000d6d6000000,0x000000d6d6100000)]
  0x000002cc63af6800 JavaThread "http-nio-8091-exec-8" daemon [_thread_blocked, id=12108, stack(0x000000d6d6100000,0x000000d6d6200000)]
  0x000002cc63af7000 JavaThread "http-nio-8091-exec-9" daemon [_thread_blocked, id=11596, stack(0x000000d6d6200000,0x000000d6d6300000)]
  0x000002cc63af8000 JavaThread "http-nio-8091-exec-10" daemon [_thread_blocked, id=14852, stack(0x000000d6d6300000,0x000000d6d6400000)]
  0x000002cc63af5800 JavaThread "http-nio-8091-ClientPoller-0" daemon [_thread_in_native, id=4644, stack(0x000000d6d6400000,0x000000d6d6500000)]
  0x000002cc63af1000 JavaThread "http-nio-8091-ClientPoller-1" daemon [_thread_in_native, id=1372, stack(0x000000d6d6500000,0x000000d6d6600000)]
  0x000002cc63af8800 JavaThread "http-nio-8091-Acceptor-0" daemon [_thread_in_native, id=5048, stack(0x000000d6d6600000,0x000000d6d6700000)]
  0x000002cc63af9800 JavaThread "http-nio-8091-AsyncTimeout" daemon [_thread_blocked, id=4992, stack(0x000000d6d6700000,0x000000d6d6800000)]
  0x000002cc63afa800 JavaThread "DestroyJavaVM" [_thread_blocked, id=4768, stack(0x000000d6d2e00000,0x000000d6d2f00000)]
  0x000002cc63af3000 JavaThread "MessageBroker-2" [_thread_blocked, id=14316, stack(0x000000d6d6a00000,0x000000d6d6b00000)]

Other Threads:
=>0x000002cc622d1800 VMThread "VM Thread" [stack: 0x000000d6d3a00000,0x000000d6d3b00000] [id=11932]
  0x000002cc6372f800 WatcherThread [stack: 0x000000d6d4b00000,0x000000d6d4c00000] [id=12904]
  0x000002cc44c21800 GCTaskThread "GC Thread#0" [stack: 0x000000d6d2f00000,0x000000d6d3000000] [id=12764]
  0x000002cc44c23000 GCTaskThread "GC Thread#1" [stack: 0x000000d6d3000000,0x000000d6d3100000] [id=4240]
  0x000002cc44c24800 GCTaskThread "GC Thread#2" [stack: 0x000000d6d3100000,0x000000d6d3200000] [id=7484]
  0x000002cc44c27000 GCTaskThread "GC Thread#3" [stack: 0x000000d6d3200000,0x000000d6d3300000] [id=4620]
  0x000002cc44c91800 ConcurrentGCThread "G1 Main Marker" [stack: 0x000000d6d3300000,0x000000d6d3400000] [id=11760]
  0x000002cc44c95000 ConcurrentGCThread "G1 Conc#0" [stack: 0x000000d6d3400000,0x000000d6d3500000] [id=2972]
  0x000002cc44cde800 ConcurrentGCThread "G1 Refine#0" [stack: 0x000000d6d3500000,0x000000d6d3600000] [id=10428]
  0x000002cc6215e000 ConcurrentGCThread "G1 Refine#1" [stack: 0x000000d6d3600000,0x000000d6d3700000] [id=2064]
  0x000002cc62160000 ConcurrentGCThread "G1 Refine#2" [stack: 0x000000d6d3700000,0x000000d6d3800000] [id=11568]
  0x000002cc62163000 ConcurrentGCThread "G1 Refine#3" [stack: 0x000000d6d3800000,0x000000d6d3900000] [id=12388]
  0x000002cc62169000 ConcurrentGCThread "G1 Young RemSet Sampling" [stack: 0x000000d6d3900000,0x000000d6d3a00000] [id=5296]

Threads with active compile tasks:

VM state:at safepoint (normal execution)

VM Mutex/Monitor currently owned by a thread:  ([mutex/lock_event])
[0x000002cc44c07150] Threads_lock - owner thread: 0x000002cc622d1800

Heap address: 0x0000000083600000, size: 1994 MB, Compressed Oops mode: 32-bit
Narrow klass base: 0x0000000000000000, Narrow klass shift: 3
Compressed class space size: 1073741824 Address: 0x0000000100000000

Heap:
 garbage-first heap   total 187392K, used 54693K [0x0000000083600000, 0x0000000100000000)
  region size 1024K, 27 young (27648K), 5 survivors (5120K)
 Metaspace       used 52154K, capacity 53691K, committed 54016K, reserved 1095680K
  class space    used 6569K, capacity 7152K, committed 7168K, reserved 1048576K
Heap Regions: E=young(eden), S=young(survivor), O=old, HS=humongous(starts), HC=humongous(continues), CS=collection set, F=free, A=archive, TS=gc time stamp, AC=allocation context, TAMS=top-at-mark-start (previous, next)
|   0|0x0000000083600000, 0x0000000083700000, 0x0000000083700000|100%| O|  |TS  0|AC  0|TAMS 0x0000000083700000, 0x0000000083700000|
|   1|0x0000000083700000, 0x0000000083800000, 0x0000000083800000|100%| O|  |TS  0|AC  0|TAMS 0x0000000083800000, 0x0000000083800000|
|   2|0x0000000083800000, 0x0000000083900000, 0x0000000083900000|100%| O|  |TS  0|AC  0|TAMS 0x0000000083900000, 0x0000000083900000|
|   3|0x0000000083900000, 0x0000000083a00000, 0x0000000083a00000|100%| O|  |TS  0|AC  0|TAMS 0x0000000083a00000, 0x0000000083a00000|
|   4|0x0000000083a00000, 0x0000000083b00000, 0x0000000083b00000|100%| O|  |TS  0|AC  0|TAMS 0x0000000083b00000, 0x0000000083b00000|
|   5|0x0000000083b00000, 0x0000000083c00000, 0x0000000083c00000|100%| O|  |TS  0|AC  0|TAMS 0x0000000083c00000, 0x0000000083c00000|
|   6|0x0000000083c00000, 0x0000000083d00000, 0x0000000083d00000|100%| O|  |TS  0|AC  0|TAMS 0x0000000083d00000, 0x0000000083d00000|
|   7|0x0000000083d00000, 0x0000000083e00000, 0x0000000083e00000|100%| O|  |TS  0|AC  0|TAMS 0x0000000083e00000, 0x0000000083e00000|
|   8|0x0000000083e00000, 0x0000000083f00000, 0x0000000083f00000|100%| O|  |TS  0|AC  0|TAMS 0x0000000083f00000, 0x0000000083f00000|
|   9|0x0000000083f00000, 0x0000000084000000, 0x0000000084000000|100%| O|  |TS  0|AC  0|TAMS 0x0000000084000000, 0x0000000084000000|
|  10|0x0000000084000000, 0x0000000084100000, 0x0000000084100000|100%| O|  |TS  0|AC  0|TAMS 0x0000000084100000, 0x0000000084100000|
|  11|0x0000000084100000, 0x0000000084200000, 0x0000000084200000|100%| O|  |TS  0|AC  0|TAMS 0x0000000084200000, 0x0000000084200000|
|  12|0x0000000084200000, 0x0000000084300000, 0x0000000084300000|100%| O|  |TS  0|AC  0|TAMS 0x0000000084300000, 0x0000000084300000|
|  13|0x0000000084300000, 0x0000000084400000, 0x0000000084400000|100%| O|  |TS  0|AC  0|TAMS 0x0000000084400000, 0x0000000084400000|
|  14|0x0000000084400000, 0x0000000084500000, 0x0000000084500000|100%| O|  |TS  1|AC  0|TAMS 0x0000000084422c00, 0x0000000084422c00|
|  15|0x0000000084500000, 0x0000000084600000, 0x0000000084600000|100%| O|  |TS  1|AC  0|TAMS 0x0000000084500000, 0x0000000084500000|
|  16|0x0000000084600000, 0x0000000084700000, 0x0000000084700000|100%| O|  |TS  1|AC  0|TAMS 0x0000000084600000, 0x0000000084600000|
|  17|0x0000000084700000, 0x0000000084800000, 0x0000000084800000|100%| O|  |TS  1|AC  0|TAMS 0x0000000084700000, 0x0000000084700000|
|  18|0x0000000084800000, 0x0000000084900000, 0x0000000084900000|100%| O|  |TS  1|AC  0|TAMS 0x0000000084800000, 0x0000000084800000|
|  19|0x0000000084900000, 0x0000000084a00000, 0x0000000084a00000|100%| O|  |TS  2|AC  0|TAMS 0x0000000084900000, 0x0000000084900000|
|  20|0x0000000084a00000, 0x0000000084b00000, 0x0000000084b00000|100%| O|  |TS  2|AC  0|TAMS 0x0000000084a00000, 0x0000000084a00000|
|  21|0x0000000084b00000, 0x0000000084c00000, 0x0000000084c00000|100%| O|  |TS  2|AC  0|TAMS 0x0000000084b00000, 0x0000000084b00000|
|  22|0x0000000084c00000, 0x0000000084d00000, 0x0000000084d00000|100%| O|  |TS  2|AC  0|TAMS 0x0000000084c00000, 0x0000000084c00000|
|  23|0x0000000084d00000, 0x0000000084e00000, 0x0000000084e00000|100%| O|  |TS  2|AC  0|TAMS 0x0000000084d00000, 0x0000000084d00000|
|  24|0x0000000084e00000, 0x0000000084f00000, 0x0000000084f00000|100%| O|  |TS  2|AC  0|TAMS 0x0000000084e00000, 0x0000000084e00000|
|  25|0x0000000084f00000, 0x0000000085000000, 0x0000000085000000|100%| O|  |TS  2|AC  0|TAMS 0x0000000084f00000, 0x0000000084f00000|
|  26|0x0000000085000000, 0x0000000085100000, 0x0000000085100000|100%| O|  |TS  2|AC  0|TAMS 0x0000000085000000, 0x0000000085000000|
|  27|0x0000000085100000, 0x000000008519b400, 0x0000000085200000| 60%| O|  |TS  2|AC  0|TAMS 0x0000000085100000, 0x0000000085100000|
|  28|0x0000000085200000, 0x0000000085200000, 0x0000000085300000|  0%| F|  |TS  0|AC  0|TAMS 0x0000000085200000, 0x0000000085200000|
|  29|0x0000000085300000, 0x0000000085300000, 0x0000000085400000|  0%| F|  |TS  0|AC  0|TAMS 0x0000000085300000, 0x0000000085300000|
|  30|0x0000000085400000, 0x0000000085400000, 0x0000000085500000|  0%| F|  |TS  0|AC  0|TAMS 0x0000000085400000, 0x0000000085400000|
|  31|0x0000000085500000, 0x0000000085500000, 0x0000000085600000|  0%| F|  |TS  0|AC  0|TAMS 0x0000000085500000, 0x0000000085500000|
|  32|0x0000000085600000, 0x0000000085600000, 0x0000000085700000|  0%| F|  |TS  0|AC  0|TAMS 0x0000000085600000, 0x0000000085600000|
|  33|0x0000000085700000, 0x0000000085700000, 0x0000000085800000|  0%| F|  |TS  0|AC  0|TAMS 0x0000000085700000, 0x0000000085700000|
|  34|0x0000000085800000, 0x0000000085800000, 0x0000000085900000|  0%| F|  |TS  0|AC  0|TAMS 0x0000000085800000, 0x0000000085800000|
|  35|0x0000000085900000, 0x0000000085900000, 0x0000000085a00000|  0%| F|  |TS  0|AC  0|TAMS 0x0000000085900000, 0x0000000085900000|
|  36|0x0000000085a00000, 0x0000000085a00000, 0x0000000085b00000|  0%| F|  |TS  0|AC  0|TAMS 0x0000000085a00000, 0x0000000085a00000|
|  37|0x0000000085b00000, 0x0000000085b00000, 0x0000000085c00000|  0%| F|  |TS  0|AC  0|TAMS 0x0000000085b00000, 0x0000000085b00000|
|  38|0x0000000085c00000, 0x0000000085c00000, 0x0000000085d00000|  0%| F|  |TS  0|AC  0|TAMS 0x0000000085c00000, 0x0000000085c00000|
|  39|0x0000000085d00000, 0x0000000085d00000, 0x0000000085e00000|  0%| F|  |TS  0|AC  0|TAMS 0x0000000085d00000, 0x0000000085d00000|
|  40|0x0000000085e00000, 0x0000000085e00000, 0x0000000085f00000|  0%| F|  |TS  0|AC  0|TAMS 0x0000000085e00000, 0x0000000085e00000|
|  41|0x0000000085f00000, 0x0000000085f00000, 0x0000000086000000|  0%| F|  |TS  0|AC  0|TAMS 0x0000000085f00000, 0x0000000085f00000|
|  42|0x0000000086000000, 0x0000000086000000, 0x0000000086100000|  0%| F|  |TS  0|AC  0|TAMS 0x0000000086000000, 0x0000000086000000|
|  43|0x0000000086100000, 0x0000000086100000, 0x0000000086200000|  0%| F|  |TS  0|AC  0|TAMS 0x0000000086100000, 0x0000000086100000|
|  44|0x0000000086200000, 0x0000000086200000, 0x0000000086300000|  0%| F|  |TS  0|AC  0|TAMS 0x0000000086200000, 0x0000000086200000|
|  45|0x0000000086300000, 0x0000000086300000, 0x0000000086400000|  0%| F|  |TS  0|AC  0|TAMS 0x0000000086300000, 0x0000000086300000|
|  46|0x0000000086400000, 0x0000000086400000, 0x0000000086500000|  0%| F|  |TS  0|AC  0|TAMS 0x0000000086400000, 0x0000000086400000|
|  47|0x0000000086500000, 0x0000000086500000, 0x0000000086600000|  0%| F|  |TS  0|AC  0|TAMS 0x0000000086500000, 0x0000000086500000|
|  48|0x0000000086600000, 0x0000000086600000, 0x0000000086700000|  0%| F|  |TS  0|AC  0|TAMS 0x0000000086600000, 0x0000000086600000|
|  49|0x0000000086700000, 0x0000000086700000, 0x0000000086800000|  0%| F|  |TS  0|AC  0|TAMS 0x0000000086700000, 0x0000000086700000|
|  50|0x0000000086800000, 0x0000000086800000, 0x0000000086900000|  0%| F|  |TS  0|AC  0|TAMS 0x0000000086800000, 0x0000000086800000|
|  51|0x0000000086900000, 0x0000000086900000, 0x0000000086a00000|  0%| F|  |TS  0|AC  0|TAMS 0x0000000086900000, 0x0000000086900000|
|  52|0x0000000086a00000, 0x0000000086a00000, 0x0000000086b00000|  0%| F|  |TS  2|AC  0|TAMS 0x0000000086a00000, 0x0000000086a00000|
|  53|0x0000000086b00000, 0x0000000086b00000, 0x0000000086c00000|  0%| F|  |TS  2|AC  0|TAMS 0x0000000086b00000, 0x0000000086b00000|
|  54|0x0000000086c00000, 0x0000000086c00000, 0x0000000086d00000|  0%| F|  |TS  2|AC  0|TAMS 0x0000000086c00000, 0x0000000086c00000|
|  55|0x0000000086d00000, 0x0000000086d00000, 0x0000000086e00000|  0%| F|  |TS  2|AC  0|TAMS 0x0000000086d00000, 0x0000000086d00000|
|  56|0x0000000086e00000, 0x0000000086e00000, 0x0000000086f00000|  0%| F|  |TS  2|AC  0|TAMS 0x0000000086e00000, 0x0000000086e00000|
|  57|0x0000000086f00000, 0x0000000086f00000, 0x0000000087000000|  0%| F|  |TS  2|AC  0|TAMS 0x0000000086f00000, 0x0000000086f00000|
|  58|0x0000000087000000, 0x0000000087000000, 0x0000000087100000|  0%| F|  |TS  2|AC  0|TAMS 0x0000000087000000, 0x0000000087000000|
|  59|0x0000000087100000, 0x0000000087100000, 0x0000000087200000|  0%| F|  |TS  2|AC  0|TAMS 0x0000000087100000, 0x0000000087100000|
|  60|0x0000000087200000, 0x0000000087200000, 0x0000000087300000|  0%| F|  |TS  2|AC  0|TAMS 0x0000000087200000, 0x0000000087200000|
|  61|0x0000000087300000, 0x0000000087300000, 0x0000000087400000|  0%| F|  |TS  2|AC  0|TAMS 0x0000000087300000, 0x0000000087300000|
|  62|0x0000000087400000, 0x0000000087400000, 0x0000000087500000|  0%| F|  |TS  1|AC  0|TAMS 0x0000000087400000, 0x0000000087400000|
|  63|0x0000000087500000, 0x0000000087500000, 0x0000000087600000|  0%| F|  |TS  1|AC  0|TAMS 0x0000000087500000, 0x0000000087500000|
|  64|0x0000000087600000, 0x0000000087600000, 0x0000000087700000|  0%| F|  |TS  1|AC  0|TAMS 0x0000000087600000, 0x0000000087600000|
|  65|0x0000000087700000, 0x0000000087700000, 0x0000000087800000|  0%| F|  |TS  1|AC  0|TAMS 0x0000000087700000, 0x0000000087700000|
|  66|0x0000000087800000, 0x00000000878ce1b0, 0x0000000087900000| 80%| S|CS|TS  2|AC  0|TAMS 0x0000000087800000, 0x0000000087800000|
|  67|0x0000000087900000, 0x0000000087a00000, 0x0000000087a00000|100%| S|CS|TS  2|AC  0|TAMS 0x0000000087900000, 0x0000000087900000|
|  68|0x0000000087a00000, 0x0000000087b00000, 0x0000000087b00000|100%| S|CS|TS  2|AC  0|TAMS 0x0000000087a00000, 0x0000000087a00000|
|  69|0x0000000087b00000, 0x0000000087c00000, 0x0000000087c00000|100%| S|CS|TS  2|AC  0|TAMS 0x0000000087b00000, 0x0000000087b00000|
|  70|0x0000000087c00000, 0x0000000087d00000, 0x0000000087d00000|100%| S|CS|TS  2|AC  0|TAMS 0x0000000087c00000, 0x0000000087c00000|
|  71|0x0000000087d00000, 0x0000000087d00000, 0x0000000087e00000|  0%| F|  |TS  2|AC  0|TAMS 0x0000000087d00000, 0x0000000087d00000|
|  72|0x0000000087e00000, 0x0000000087e00000, 0x0000000087f00000|  0%| F|  |TS  2|AC  0|TAMS 0x0000000087e00000, 0x0000000087e00000|
|  73|0x0000000087f00000, 0x0000000087f00000, 0x0000000088000000|  0%| F|  |TS  2|AC  0|TAMS 0x0000000087f00000, 0x0000000087f00000|
|  74|0x0000000088000000, 0x0000000088000000, 0x0000000088100000|  0%| F|  |TS  2|AC  0|TAMS 0x0000000088000000, 0x0000000088000000|
|  75|0x0000000088100000, 0x0000000088100000, 0x0000000088200000|  0%| F|  |TS  2|AC  0|TAMS 0x0000000088100000, 0x0000000088100000|
|  76|0x0000000088200000, 0x0000000088200000, 0x0000000088300000|  0%| F|  |TS  2|AC  0|TAMS 0x0000000088200000, 0x0000000088200000|
|  77|0x0000000088300000, 0x0000000088300000, 0x0000000088400000|  0%| F|  |TS  2|AC  0|TAMS 0x0000000088300000, 0x0000000088300000|
|  78|0x0000000088400000, 0x0000000088400000, 0x0000000088500000|  0%| F|  |TS  2|AC  0|TAMS 0x0000000088400000, 0x0000000088400000|
|  79|0x0000000088500000, 0x0000000088500000, 0x0000000088600000|  0%| F|  |TS  2|AC  0|TAMS 0x0000000088500000, 0x0000000088500000|
|  80|0x0000000088600000, 0x0000000088600000, 0x0000000088700000|  0%| F|  |TS  2|AC  0|TAMS 0x0000000088600000, 0x0000000088600000|
|  81|0x0000000088700000, 0x0000000088700000, 0x0000000088800000|  0%| F|  |TS  2|AC  0|TAMS 0x0000000088700000, 0x0000000088700000|
|  82|0x0000000088800000, 0x0000000088800000, 0x0000000088900000|  0%| F|  |TS  2|AC  0|TAMS 0x0000000088800000, 0x0000000088800000|
|  83|0x0000000088900000, 0x0000000088900000, 0x0000000088a00000|  0%| F|  |TS  2|AC  0|TAMS 0x0000000088900000, 0x0000000088900000|
|  84|0x0000000088a00000, 0x0000000088a00000, 0x0000000088b00000|  0%| F|  |TS  2|AC  0|TAMS 0x0000000088a00000, 0x0000000088a00000|
|  85|0x0000000088b00000, 0x0000000088b00000, 0x0000000088c00000|  0%| F|  |TS  2|AC  0|TAMS 0x0000000088b00000, 0x0000000088b00000|
|  86|0x0000000088c00000, 0x0000000088c00000, 0x0000000088d00000|  0%| F|  |TS  2|AC  0|TAMS 0x0000000088c00000, 0x0000000088c00000|
|  87|0x0000000088d00000, 0x0000000088d00000, 0x0000000088e00000|  0%| F|  |TS  2|AC  0|TAMS 0x0000000088d00000, 0x0000000088d00000|
|  88|0x0000000088e00000, 0x0000000088e00000, 0x0000000088f00000|  0%| F|  |TS  2|AC  0|TAMS 0x0000000088e00000, 0x0000000088e00000|
|  89|0x0000000088f00000, 0x0000000088f00000, 0x0000000089000000|  0%| F|  |TS  2|AC  0|TAMS 0x0000000088f00000, 0x0000000088f00000|
|  90|0x0000000089000000, 0x0000000089000000, 0x0000000089100000|  0%| F|  |TS  2|AC  0|TAMS 0x0000000089000000, 0x0000000089000000|
|  91|0x0000000089100000, 0x0000000089100000, 0x0000000089200000|  0%| F|  |TS  2|AC  0|TAMS 0x0000000089100000, 0x0000000089100000|
|  92|0x0000000089200000, 0x0000000089200000, 0x0000000089300000|  0%| F|  |TS  2|AC  0|TAMS 0x0000000089200000, 0x0000000089200000|
|  93|0x0000000089300000, 0x0000000089300000, 0x0000000089400000|  0%| F|  |TS  2|AC  0|TAMS 0x0000000089300000, 0x0000000089300000|
|  94|0x0000000089400000, 0x0000000089400000, 0x0000000089500000|  0%| F|  |TS  2|AC  0|TAMS 0x0000000089400000, 0x0000000089400000|
|  95|0x0000000089500000, 0x0000000089500000, 0x0000000089600000|  0%| F|  |TS  2|AC  0|TAMS 0x0000000089500000, 0x0000000089500000|
|  96|0x0000000089600000, 0x0000000089600000, 0x0000000089700000|  0%| F|  |TS  2|AC  0|TAMS 0x0000000089600000, 0x0000000089600000|
|  97|0x0000000089700000, 0x0000000089700000, 0x0000000089800000|  0%| F|  |TS  2|AC  0|TAMS 0x0000000089700000, 0x0000000089700000|
|  98|0x0000000089800000, 0x0000000089800000, 0x0000000089900000|  0%| F|  |TS  2|AC  0|TAMS 0x0000000089800000, 0x0000000089800000|
|  99|0x0000000089900000, 0x0000000089900000, 0x0000000089a00000|  0%| F|  |TS  2|AC  0|TAMS 0x0000000089900000, 0x0000000089900000|
| 100|0x0000000089a00000, 0x0000000089a00000, 0x0000000089b00000|  0%| F|  |TS  2|AC  0|TAMS 0x0000000089a00000, 0x0000000089a00000|
| 101|0x0000000089b00000, 0x0000000089b00000, 0x0000000089c00000|  0%| F|  |TS  2|AC  0|TAMS 0x0000000089b00000, 0x0000000089b00000|
| 102|0x0000000089c00000, 0x0000000089c00000, 0x0000000089d00000|  0%| F|  |TS  2|AC  0|TAMS 0x0000000089c00000, 0x0000000089c00000|
| 103|0x0000000089d00000, 0x0000000089d00000, 0x0000000089e00000|  0%| F|  |TS  2|AC  0|TAMS 0x0000000089d00000, 0x0000000089d00000|
| 104|0x0000000089e00000, 0x0000000089e00000, 0x0000000089f00000|  0%| F|  |TS  2|AC  0|TAMS 0x0000000089e00000, 0x0000000089e00000|
| 105|0x0000000089f00000, 0x0000000089f00000, 0x000000008a000000|  0%| F|  |TS  2|AC  0|TAMS 0x0000000089f00000, 0x0000000089f00000|
| 106|0x000000008a000000, 0x000000008a000000, 0x000000008a100000|  0%| F|  |TS  2|AC  0|TAMS 0x000000008a000000, 0x000000008a000000|
| 107|0x000000008a100000, 0x000000008a100000, 0x000000008a200000|  0%| F|  |TS  2|AC  0|TAMS 0x000000008a100000, 0x000000008a100000|
| 108|0x000000008a200000, 0x000000008a200000, 0x000000008a300000|  0%| F|  |TS  2|AC  0|TAMS 0x000000008a200000, 0x000000008a200000|
| 109|0x000000008a300000, 0x000000008a300000, 0x000000008a400000|  0%| F|  |TS  2|AC  0|TAMS 0x000000008a300000, 0x000000008a300000|
| 110|0x000000008a400000, 0x000000008a400000, 0x000000008a500000|  0%| F|  |TS  2|AC  0|TAMS 0x000000008a400000, 0x000000008a400000|
| 111|0x000000008a500000, 0x000000008a500000, 0x000000008a600000|  0%| F|  |TS  2|AC  0|TAMS 0x000000008a500000, 0x000000008a500000|
| 112|0x000000008a600000, 0x000000008a600000, 0x000000008a700000|  0%| F|  |TS  2|AC  0|TAMS 0x000000008a600000, 0x000000008a600000|
| 113|0x000000008a700000, 0x000000008a700000, 0x000000008a800000|  0%| F|  |TS  2|AC  0|TAMS 0x000000008a700000, 0x000000008a700000|
| 114|0x000000008a800000, 0x000000008a800000, 0x000000008a900000|  0%| F|  |TS  2|AC  0|TAMS 0x000000008a800000, 0x000000008a800000|
| 115|0x000000008a900000, 0x000000008a900000, 0x000000008aa00000|  0%| F|  |TS  2|AC  0|TAMS 0x000000008a900000, 0x000000008a900000|
| 116|0x000000008aa00000, 0x000000008aa00000, 0x000000008ab00000|  0%| F|  |TS  2|AC  0|TAMS 0x000000008aa00000, 0x000000008aa00000|
| 117|0x000000008ab00000, 0x000000008ab00000, 0x000000008ac00000|  0%| F|  |TS  2|AC  0|TAMS 0x000000008ab00000, 0x000000008ab00000|
| 118|0x000000008ac00000, 0x000000008ac00000, 0x000000008ad00000|  0%| F|  |TS  2|AC  0|TAMS 0x000000008ac00000, 0x000000008ac00000|
| 119|0x000000008ad00000, 0x000000008ad00000, 0x000000008ae00000|  0%| F|  |TS  2|AC  0|TAMS 0x000000008ad00000, 0x000000008ad00000|
| 120|0x000000008ae00000, 0x000000008ae00000, 0x000000008af00000|  0%| F|  |TS  2|AC  0|TAMS 0x000000008ae00000, 0x000000008ae00000|
| 121|0x000000008af00000, 0x000000008af00000, 0x000000008b000000|  0%| F|  |TS  2|AC  0|TAMS 0x000000008af00000, 0x000000008af00000|
| 122|0x000000008b000000, 0x000000008b000000, 0x000000008b100000|  0%| F|  |TS  2|AC  0|TAMS 0x000000008b000000, 0x000000008b000000|
| 123|0x000000008b100000, 0x000000008b100000, 0x000000008b200000|  0%| F|  |TS  2|AC  0|TAMS 0x000000008b100000, 0x000000008b100000|
| 124|0x000000008b200000, 0x000000008b200000, 0x000000008b300000|  0%| F|  |TS  2|AC  0|TAMS 0x000000008b200000, 0x000000008b200000|
| 125|0x000000008b300000, 0x000000008b300000, 0x000000008b400000|  0%| F|  |TS  2|AC  0|TAMS 0x000000008b300000, 0x000000008b300000|
| 126|0x000000008b400000, 0x000000008b400000, 0x000000008b500000|  0%| F|  |TS  2|AC  0|TAMS 0x000000008b400000, 0x000000008b400000|
| 127|0x000000008b500000, 0x000000008b500000, 0x000000008b600000|  0%| F|  |TS  2|AC  0|TAMS 0x000000008b500000, 0x000000008b500000|
| 128|0x000000008b600000, 0x000000008b600000, 0x000000008b700000|  0%| F|  |TS  2|AC  0|TAMS 0x000000008b600000, 0x000000008b600000|
| 129|0x000000008b700000, 0x000000008b700000, 0x000000008b800000|  0%| F|  |TS  2|AC  0|TAMS 0x000000008b700000, 0x000000008b700000|
| 130|0x000000008b800000, 0x000000008b800000, 0x000000008b900000|  0%| F|  |TS  2|AC  0|TAMS 0x000000008b800000, 0x000000008b800000|
| 131|0x000000008b900000, 0x000000008b900000, 0x000000008ba00000|  0%| F|  |TS  2|AC  0|TAMS 0x000000008b900000, 0x000000008b900000|
| 132|0x000000008ba00000, 0x000000008ba00000, 0x000000008bb00000|  0%| F|  |TS  2|AC  0|TAMS 0x000000008ba00000, 0x000000008ba00000|
| 133|0x000000008bb00000, 0x000000008bb00000, 0x000000008bc00000|  0%| F|  |TS  2|AC  0|TAMS 0x000000008bb00000, 0x000000008bb00000|
| 134|0x000000008bc00000, 0x000000008bc00000, 0x000000008bd00000|  0%| F|  |TS  2|AC  0|TAMS 0x000000008bc00000, 0x000000008bc00000|
| 135|0x000000008bd00000, 0x000000008bd00000, 0x000000008be00000|  0%| F|  |TS  2|AC  0|TAMS 0x000000008bd00000, 0x000000008bd00000|
| 136|0x000000008be00000, 0x000000008be00000, 0x000000008bf00000|  0%| F|  |TS  2|AC  0|TAMS 0x000000008be00000, 0x000000008be00000|
| 137|0x000000008bf00000, 0x000000008bf00000, 0x000000008c000000|  0%| F|  |TS  2|AC  0|TAMS 0x000000008bf00000, 0x000000008bf00000|
| 138|0x000000008c000000, 0x000000008c000000, 0x000000008c100000|  0%| F|  |TS  2|AC  0|TAMS 0x000000008c000000, 0x000000008c000000|
| 139|0x000000008c100000, 0x000000008c100000, 0x000000008c200000|  0%| F|  |TS  2|AC  0|TAMS 0x000000008c100000, 0x000000008c100000|
| 140|0x000000008c200000, 0x000000008c200000, 0x000000008c300000|  0%| F|  |TS  2|AC  0|TAMS 0x000000008c200000, 0x000000008c200000|
| 141|0x000000008c300000, 0x000000008c300000, 0x000000008c400000|  0%| F|  |TS  2|AC  0|TAMS 0x000000008c300000, 0x000000008c300000|
| 142|0x000000008c400000, 0x000000008c400000, 0x000000008c500000|  0%| F|  |TS  2|AC  0|TAMS 0x000000008c400000, 0x000000008c400000|
| 143|0x000000008c500000, 0x000000008c500000, 0x000000008c600000|  0%| F|  |TS  2|AC  0|TAMS 0x000000008c500000, 0x000000008c500000|
| 144|0x000000008c600000, 0x000000008c600000, 0x000000008c700000|  0%| F|  |TS  2|AC  0|TAMS 0x000000008c600000, 0x000000008c600000|
| 145|0x000000008c700000, 0x000000008c700000, 0x000000008c800000|  0%| F|  |TS  2|AC  0|TAMS 0x000000008c700000, 0x000000008c700000|
| 146|0x000000008c800000, 0x000000008c800000, 0x000000008c900000|  0%| F|  |TS  2|AC  0|TAMS 0x000000008c800000, 0x000000008c800000|
| 147|0x000000008c900000, 0x000000008c900000, 0x000000008ca00000|  0%| F|  |TS  2|AC  0|TAMS 0x000000008c900000, 0x000000008c900000|
| 148|0x000000008ca00000, 0x000000008ca00000, 0x000000008cb00000|  0%| F|  |TS  2|AC  0|TAMS 0x000000008ca00000, 0x000000008ca00000|
| 149|0x000000008cb00000, 0x000000008cb00000, 0x000000008cc00000|  0%| F|  |TS  2|AC  0|TAMS 0x000000008cb00000, 0x000000008cb00000|
| 150|0x000000008cc00000, 0x000000008cc00000, 0x000000008cd00000|  0%| F|  |TS  2|AC  0|TAMS 0x000000008cc00000, 0x000000008cc00000|
| 151|0x000000008cd00000, 0x000000008cd00000, 0x000000008ce00000|  0%| F|  |TS  2|AC  0|TAMS 0x000000008cd00000, 0x000000008cd00000|
| 152|0x000000008ce00000, 0x000000008ce00000, 0x000000008cf00000|  0%| F|  |TS  2|AC  0|TAMS 0x000000008ce00000, 0x000000008ce00000|
| 153|0x000000008cf00000, 0x000000008cf00000, 0x000000008d000000|  0%| F|  |TS  2|AC  0|TAMS 0x000000008cf00000, 0x000000008cf00000|
| 154|0x000000008d000000, 0x000000008d000000, 0x000000008d100000|  0%| F|  |TS  2|AC  0|TAMS 0x000000008d000000, 0x000000008d000000|
| 155|0x000000008d100000, 0x000000008d100000, 0x000000008d200000|  0%| F|  |TS  2|AC  0|TAMS 0x000000008d100000, 0x000000008d100000|
| 156|0x000000008d200000, 0x000000008d200000, 0x000000008d300000|  0%| F|  |TS  2|AC  0|TAMS 0x000000008d200000, 0x000000008d200000|
| 157|0x000000008d300000, 0x000000008d300000, 0x000000008d400000|  0%| F|  |TS  2|AC  0|TAMS 0x000000008d300000, 0x000000008d300000|
| 158|0x000000008d400000, 0x000000008d400000, 0x000000008d500000|  0%| F|  |TS  2|AC  0|TAMS 0x000000008d400000, 0x000000008d400000|
| 159|0x000000008d500000, 0x000000008d500000, 0x000000008d600000|  0%| F|  |TS  2|AC  0|TAMS 0x000000008d500000, 0x000000008d500000|
| 160|0x000000008d600000, 0x000000008d600000, 0x000000008d700000|  0%| F|  |TS  2|AC  0|TAMS 0x000000008d600000, 0x000000008d600000|
| 161|0x000000008d700000, 0x000000008d7e02d8, 0x000000008d800000| 87%| E|  |TS  2|AC  0|TAMS 0x000000008d700000, 0x000000008d700000|
| 162|0x000000008d800000, 0x000000008d900000, 0x000000008d900000|100%| E|CS|TS  2|AC  0|TAMS 0x000000008d800000, 0x000000008d800000|
| 163|0x000000008d900000, 0x000000008da00000, 0x000000008da00000|100%| E|CS|TS  2|AC  0|TAMS 0x000000008d900000, 0x000000008d900000|
| 164|0x000000008da00000, 0x000000008db00000, 0x000000008db00000|100%| E|CS|TS  2|AC  0|TAMS 0x000000008da00000, 0x000000008da00000|
| 165|0x000000008db00000, 0x000000008dc00000, 0x000000008dc00000|100%| E|CS|TS  2|AC  0|TAMS 0x000000008db00000, 0x000000008db00000|
| 166|0x000000008dc00000, 0x000000008dd00000, 0x000000008dd00000|100%| E|CS|TS  2|AC  0|TAMS 0x000000008dc00000, 0x000000008dc00000|
| 167|0x000000008dd00000, 0x000000008de00000, 0x000000008de00000|100%| E|CS|TS  2|AC  0|TAMS 0x000000008dd00000, 0x000000008dd00000|
| 168|0x000000008de00000, 0x000000008df00000, 0x000000008df00000|100%| E|CS|TS  2|AC  0|TAMS 0x000000008de00000, 0x000000008de00000|
| 169|0x000000008df00000, 0x000000008e000000, 0x000000008e000000|100%| E|CS|TS  2|AC  0|TAMS 0x000000008df00000, 0x000000008df00000|
| 170|0x000000008e000000, 0x000000008e100000, 0x000000008e100000|100%| E|CS|TS  2|AC  0|TAMS 0x000000008e000000, 0x000000008e000000|
| 171|0x000000008e100000, 0x000000008e200000, 0x000000008e200000|100%| E|CS|TS  2|AC  0|TAMS 0x000000008e100000, 0x000000008e100000|
| 172|0x000000008e200000, 0x000000008e300000, 0x000000008e300000|100%| E|CS|TS  2|AC  0|TAMS 0x000000008e200000, 0x000000008e200000|
| 173|0x000000008e300000, 0x000000008e400000, 0x000000008e400000|100%| E|CS|TS  2|AC  0|TAMS 0x000000008e300000, 0x000000008e300000|
| 174|0x000000008e400000, 0x000000008e500000, 0x000000008e500000|100%| E|CS|TS  2|AC  0|TAMS 0x000000008e400000, 0x000000008e400000|
| 175|0x000000008e500000, 0x000000008e600000, 0x000000008e600000|100%| E|CS|TS  2|AC  0|TAMS 0x000000008e500000, 0x000000008e500000|
| 176|0x000000008e600000, 0x000000008e700000, 0x000000008e700000|100%| E|CS|TS  2|AC  0|TAMS 0x000000008e600000, 0x000000008e600000|
| 177|0x000000008e700000, 0x000000008e800000, 0x000000008e800000|100%| E|CS|TS  2|AC  0|TAMS 0x000000008e700000, 0x000000008e700000|
| 178|0x000000008e800000, 0x000000008e900000, 0x000000008e900000|100%| E|CS|TS  2|AC  0|TAMS 0x000000008e800000, 0x000000008e800000|
| 179|0x000000008e900000, 0x000000008ea00000, 0x000000008ea00000|100%| E|CS|TS  2|AC  0|TAMS 0x000000008e900000, 0x000000008e900000|
| 180|0x000000008ea00000, 0x000000008eb00000, 0x000000008eb00000|100%| E|CS|TS  2|AC  0|TAMS 0x000000008ea00000, 0x000000008ea00000|
| 181|0x000000008eb00000, 0x000000008ec00000, 0x000000008ec00000|100%| E|CS|TS  2|AC  0|TAMS 0x000000008eb00000, 0x000000008eb00000|
| 182|0x000000008ec00000, 0x000000008ed00000, 0x000000008ed00000|100%| E|CS|TS  2|AC  0|TAMS 0x000000008ec00000, 0x000000008ec00000|

Card table byte_map: [0x000002cc5b7a0000,0x000002cc5bb90000] byte_map_base: 0x000002cc5b385000

Marking Bits (Prev, Next): (CMBitMap*) 0x000002cc44c90d70, (CMBitMap*) 0x000002cc44c90da8
 Prev Bits: [0x000002cc5bf80000, 0x000002cc5dea8000)
 Next Bits: [0x000002cc5deb0000, 0x000002cc5fdd8000)

Polling page: 0x000002cc40890000

CodeHeap 'non-profiled nmethods': size=238912Kb used=11487Kb max_used=11487Kb free=227424Kb
 bounds [0x000002cc4ca60000, 0x000002cc4d5a0000, 0x000002cc5b3b0000]
CodeHeap 'non-nmethods': size=6848Kb used=2418Kb max_used=2418Kb free=4429Kb
 bounds [0x000002cc4c3b0000, 0x000002cc4c620000, 0x000002cc4ca60000]
 total_blobs=7267 nmethods=6509 adapters=496
 compilation: enabled

Compilation events (10 events):
Event: 881.991 Thread 0x000002cc622f9800 6691       1       com.mongodb.connection.MultiServerCluster::addHostsToSet (47 bytes)
Event: 881.991 Thread 0x000002cc62305800 nmethod 6688 0x000002cc4d597a90 code [0x000002cc4d597c60, 0x000002cc4d597ed0]
Event: 881.991 Thread 0x000002cc6230b000 nmethod 6686 0x000002cc4d597f90 code [0x000002cc4d598160, 0x000002cc4d598370]
Event: 881.991 Thread 0x000002cc62305800 6689       1       java.util.Collections$UnmodifiableList$1::<init> (35 bytes)
Event: 881.991 Thread 0x000002cc6230b000 6690       1       java.util.ArrayList::listIterator (15 bytes)
Event: 881.991 Thread 0x000002cc62305800 nmethod 6689 0x000002cc4d598490 code [0x000002cc4d598660, 0x000002cc4d598870]
Event: 881.991 Thread 0x000002cc6230b000 nmethod 6690 0x000002cc4d598990 code [0x000002cc4d598b60, 0x000002cc4d598e60]
Event: 881.991 Thread 0x000002cc622f9800 nmethod 6691 0x000002cc4d598f90 code [0x000002cc4d599180, 0x000002cc4d599430]
Event: 892.055 Thread 0x000002cc622f9800 6692       1       java.util.concurrent.locks.AbstractQueuedSynchronizer$ConditionObject::unlinkCancelledWaiters (67 bytes)
Event: 892.056 Thread 0x000002cc622f9800 nmethod 6692 0x000002cc4d599590 code [0x000002cc4d599760, 0x000002cc4d599a38]

GC Heap History (10 events):
Event: 2.159 GC heap before
{Heap before GC invocations=5 (full 0):
 garbage-first heap   total 129024K, used 67278K [0x0000000083600000, 0x0000000100000000)
  region size 1024K, 62 young (63488K), 4 survivors (4096K)
 Metaspace       used 27612K, capacity 28392K, committed 28672K, reserved 1075200K
  class space    used 3452K, capacity 3789K, committed 3840K, reserved 1048576K
}
Event: 2.171 GC heap after
{Heap after GC invocations=6 (full 0):
 garbage-first heap   total 155648K, used 14542K [0x0000000083600000, 0x0000000100000000)
  region size 1024K, 8 young (8192K), 8 survivors (8192K)
 Metaspace       used 27612K, capacity 28392K, committed 28672K, reserved 1075200K
  class space    used 3452K, capacity 3789K, committed 3840K, reserved 1048576K
}
Event: 3.538 GC heap before
{Heap before GC invocations=6 (full 0):
 garbage-first heap   total 155648K, used 96462K [0x0000000083600000, 0x0000000100000000)
  region size 1024K, 88 young (90112K), 8 survivors (8192K)
 Metaspace       used 34165K, capacity 35188K, committed 35456K, reserved 1079296K
  class space    used 4282K, capacity 4680K, committed 4736K, reserved 1048576K
}
Event: 3.556 GC heap after
{Heap after GC invocations=7 (full 0):
 garbage-first heap   total 155648K, used 20912K [0x0000000083600000, 0x0000000100000000)
  region size 1024K, 7 young (7168K), 7 survivors (7168K)
 Metaspace       used 34165K, capacity 35188K, committed 35456K, reserved 1079296K
  class space    used 4282K, capacity 4680K, committed 4736K, reserved 1048576K
}
Event: 3.771 GC heap before
{Heap before GC invocations=7 (full 0):
 garbage-first heap   total 155648K, used 35248K [0x0000000083600000, 0x0000000100000000)
  region size 1024K, 22 young (22528K), 7 survivors (7168K)
 Metaspace       used 34693K, capacity 35663K, committed 35840K, reserved 1081344K
  class space    used 4363K, capacity 4789K, committed 4864K, reserved 1048576K
}
Event: 3.781 GC heap after
{Heap after GC invocations=8 (full 0):
 garbage-first heap   total 155648K, used 21643K [0x0000000083600000, 0x0000000100000000)
  region size 1024K, 7 young (7168K), 7 survivors (7168K)
 Metaspace       used 34693K, capacity 35663K, committed 35840K, reserved 1081344K
  class space    used 4363K, capacity 4789K, committed 4864K, reserved 1048576K
}
Event: 13.700 GC heap before
{Heap before GC invocations=9 (full 0):
 garbage-first heap   total 155648K, used 106635K [0x0000000083600000, 0x0000000100000000)
  region size 1024K, 90 young (92160K), 7 survivors (7168K)
 Metaspace       used 44775K, capacity 46022K, committed 46336K, reserved 1089536K
  class space    used 5640K, capacity 6131K, committed 6144K, reserved 1048576K
}
Event: 13.722 GC heap after
{Heap after GC invocations=10 (full 0):
 garbage-first heap   total 155648K, used 29306K [0x0000000083600000, 0x0000000100000000)
  region size 1024K, 10 young (10240K), 10 survivors (10240K)
 Metaspace       used 44775K, capacity 46022K, committed 46336K, reserved 1089536K
  class space    used 5640K, capacity 6131K, committed 6144K, reserved 1048576K
}
Event: 40.322 GC heap before
{Heap before GC invocations=10 (full 0):
 garbage-first heap   total 155648K, used 112250K [0x0000000083600000, 0x0000000100000000)
  region size 1024K, 91 young (93184K), 10 survivors (10240K)
 Metaspace       used 50337K, capacity 51780K, committed 52096K, reserved 1093632K
  class space    used 6373K, capacity 6945K, committed 7040K, reserved 1048576K
}
Event: 40.344 GC heap after
{Heap after GC invocations=11 (full 0):
 garbage-first heap   total 187392K, used 33189K [0x0000000083600000, 0x0000000100000000)
  region size 1024K, 5 young (5120K), 5 survivors (5120K)
 Metaspace       used 50337K, capacity 51780K, committed 52096K, reserved 1093632K
  class space    used 6373K, capacity 6945K, committed 7040K, reserved 1048576K
}

Deoptimization events (0 events):
No events

Classes redefined (2 events):
Event: 755.596 Thread 0x000002cc622d1800 redefined class name=com.example.api.controllers.OrderController, count=1
Event: 962.445 Thread 0x000002cc622d1800 redefined class name=com.example.api.controllers.OrderController, count=2

Internal exceptions (10 events):
Event: 86.070 Thread 0x000002cc63af0000 Exception <a 'java/lang/NoSuchMethodError'{0x000000008e628750}: java.lang.invoke.Invokers$Holder.invoke_MT(Ljava/lang/Object;Ljava/lang/Object;Ljava/lang/Object;)Ljava/lang/Object;> (0x000000008e628750) thrown at [t:/workspace/open/src/hotspot/share/inter
Event: 86.086 Thread 0x000002cc63af0000 Exception <a 'java/lang/NoSuchMethodError'{0x000000008e62c530}: java.lang.invoke.DirectMethodHandle$Holder.invokeStatic(Ljava/lang/Object;J)Ljava/lang/Object;> (0x000000008e62c530) thrown at [t:/workspace/open/src/hotspot/share/interpreter/linkResolver.cp
Event: 86.096 Thread 0x000002cc63af0000 Exception <a 'java/lang/NoSuchMethodError'{0x000000008e62fd00}: java.lang.invoke.DelegatingMethodHandle$Holder.reinvoke_L(Ljava/lang/Object;Ljava/lang/Object;)J> (0x000000008e62fd00) thrown at [t:/workspace/open/src/hotspot/share/interpreter/linkResolver.
Event: 86.120 Thread 0x000002cc63af0000 Exception <a 'java/lang/NoSuchMethodError'{0x000000008e636910}: method resolution failed> (0x000000008e636910) thrown at [t:/workspace/open/src/hotspot/share/prims/methodHandles.cpp, line 1226]
Event: 124.021 Thread 0x000002cc63af0000 Exception <a 'java/lang/NullPointerException'{0x000000008e412c48}> (0x000000008e412c48) thrown at [t:/workspace/open/src/hotspot/share/interpreter/linkResolver.cpp, line 1324]
Event: 174.743 Thread 0x000002cc63af5000 Exception <a 'java/lang/NullPointerException'{0x000000008e1115e0}> (0x000000008e1115e0) thrown at [t:/workspace/open/src/hotspot/share/interpreter/linkResolver.cpp, line 1324]
Event: 235.894 Thread 0x000002cc63aee800 Exception <a 'java/lang/NullPointerException'{0x000000008e0515e8}> (0x000000008e0515e8) thrown at [t:/workspace/open/src/hotspot/share/interpreter/linkResolver.cpp, line 1324]
Event: 293.331 Thread 0x000002cc63af2800 Exception <a 'java/lang/NoSuchMethodError'{0x000000008df90c28}: method resolution failed> (0x000000008df90c28) thrown at [t:/workspace/open/src/hotspot/share/prims/methodHandles.cpp, line 1226]
Event: 293.332 Thread 0x000002cc63af2800 Exception <a 'java/lang/NoSuchMethodError'{0x000000008df944c8}: java.lang.invoke.DelegatingMethodHandle$Holder.reinvoke_L(Ljava/lang/Object;Ljava/lang/Object;I)V> (0x000000008df944c8) thrown at [t:/workspace/open/src/hotspot/share/interpreter/linkResolver
Event: 293.766 Thread 0x000002cc63af1800 Exception <a 'java/lang/NoSuchMethodError'{0x000000008de33c90}: java.lang.Object.lambda$thenComparing$36697e65$1(Ljava/util/Comparator;Ljava/lang/Object;Ljava/lang/Object;)I> (0x000000008de33c90) thrown at [t:/workspace/open/src/hotspot/share/interpreter/

Events (10 events):
Event: 962.585 Executing VM operation: GetFrameLocation done
Event: 962.615 Executing VM operation: GetFrameCount
Event: 962.615 Executing VM operation: GetFrameCount done
Event: 962.615 Executing VM operation: GetOwnedMonitorInfo
Event: 962.615 Executing VM operation: GetOwnedMonitorInfo done
Event: 962.615 Executing VM operation: GetCurrentContendedMonitor
Event: 962.615 Executing VM operation: GetCurrentContendedMonitor done
Event: 962.620 Executing VM operation: GetFrameLocation
Event: 962.620 Executing VM operation: GetFrameLocation done
Event: 962.620 Executing VM operation: GetOrSetLocal


Dynamic libraries:
0x00007ff7815c0000 - 0x00007ff7815fe000 	D:\Program Files\Java\jre-10.0.2\bin\javaw.exe
0x00007ffdeca90000 - 0x00007ffdecc70000 	C:\WINDOWS\SYSTEM32\ntdll.dll
0x00007ffdec810000 - 0x00007ffdec8be000 	C:\WINDOWS\System32\KERNEL32.DLL
0x00007ffde94d0000 - 0x00007ffde9736000 	C:\WINDOWS\System32\KERNELBASE.dll
0x00007ffdeaaa0000 - 0x00007ffdeab41000 	C:\WINDOWS\System32\ADVAPI32.dll
0x00007ffdec460000 - 0x00007ffdec4fd000 	C:\WINDOWS\System32\msvcrt.dll
0x00007ffdec340000 - 0x00007ffdec39b000 	C:\WINDOWS\System32\sechost.dll
0x00007ffdea050000 - 0x00007ffdea16f000 	C:\WINDOWS\System32\RPCRT4.dll
0x00007ffdec8d0000 - 0x00007ffdeca5f000 	C:\WINDOWS\System32\USER32.dll
0x00007ffde94b0000 - 0x00007ffde94d0000 	C:\WINDOWS\System32\win32u.dll
0x00007ffdec400000 - 0x00007ffdec428000 	C:\WINDOWS\System32\GDI32.dll
0x00007ffde9110000 - 0x00007ffde92a3000 	C:\WINDOWS\System32\gdi32full.dll
0x00007ffde93b0000 - 0x00007ffde944b000 	C:\WINDOWS\System32\msvcp_win.dll
0x00007ffde92b0000 - 0x00007ffde93a5000 	C:\WINDOWS\System32\ucrtbase.dll
0x00007ffddae40000 - 0x00007ffddb0a9000 	C:\WINDOWS\WinSxS\amd64_microsoft.windows.common-controls_6595b64144ccf1df_6.0.16299.726_none_15ccdb369361144a\COMCTL32.dll
0x00007ffddd240000 - 0x00007ffddd24a000 	C:\WINDOWS\SYSTEM32\VERSION.dll
0x00007ffdec500000 - 0x00007ffdec807000 	C:\WINDOWS\System32\combase.dll
0x00007ffde9790000 - 0x00007ffde9802000 	C:\WINDOWS\System32\bcryptPrimitives.dll
0x00007ffdec430000 - 0x00007ffdec45d000 	C:\WINDOWS\System32\IMM32.DLL
0x00007ffdb0880000 - 0x00007ffdb096f000 	D:\Program Files\Java\jre-10.0.2\bin\msvcr120.dll
0x00007ffdaec80000 - 0x00007ffdaed26000 	D:\Program Files\Java\jre-10.0.2\bin\msvcp120.dll
0x0000000067100000 - 0x0000000067b70000 	D:\Program Files\Java\jre-10.0.2\bin\server\jvm.dll
0x00007ffdeaa30000 - 0x00007ffdeaa38000 	C:\WINDOWS\System32\PSAPI.DLL
0x00007ffddd1f0000 - 0x00007ffddd1f9000 	C:\WINDOWS\SYSTEM32\WSOCK32.dll
0x00007ffdeab50000 - 0x00007ffdeabbc000 	C:\WINDOWS\System32\WS2_32.dll
0x00007ffddde70000 - 0x00007ffddde93000 	C:\WINDOWS\SYSTEM32\WINMM.dll
0x00007ffddde30000 - 0x00007ffddde5a000 	C:\WINDOWS\SYSTEM32\winmmbase.dll
0x00007ffde9740000 - 0x00007ffde978a000 	C:\WINDOWS\System32\cfgmgr32.dll
0x00007ffde4690000 - 0x00007ffde469f000 	D:\Program Files\Java\jre-10.0.2\bin\verify.dll
0x00007ffde6c30000 - 0x00007ffde6df8000 	C:\WINDOWS\SYSTEM32\DBGHELP.DLL
0x00007ffdd8730000 - 0x00007ffdd8759000 	C:\WINDOWS\SYSTEM32\dbgcore.DLL
0x00007ffddd7c0000 - 0x00007ffddd7e7000 	D:\Program Files\Java\jre-10.0.2\bin\java.dll
0x00007ffddf210000 - 0x00007ffddf246000 	D:\Program Files\Java\jre-10.0.2\bin\jdwp.dll
0x00007ffddd560000 - 0x00007ffddd576000 	D:\Program Files\Java\jre-10.0.2\bin\zip.dll
0x00007ffde1380000 - 0x00007ffde138a000 	D:\Program Files\Java\jre-10.0.2\bin\jimage.dll
0x00007ffdeac20000 - 0x00007ffdec058000 	C:\WINDOWS\System32\SHELL32.dll
0x00007ffdea730000 - 0x00007ffdea7d6000 	C:\WINDOWS\System32\shcore.dll
0x00007ffde9810000 - 0x00007ffde9f57000 	C:\WINDOWS\System32\windows.storage.dll
0x00007ffdeaa40000 - 0x00007ffdeaa91000 	C:\WINDOWS\System32\shlwapi.dll
0x00007ffde8de0000 - 0x00007ffde8df1000 	C:\WINDOWS\System32\kernel.appcore.dll
0x00007ffde8e40000 - 0x00007ffde8e8c000 	C:\WINDOWS\System32\powrprof.dll
0x00007ffde8e20000 - 0x00007ffde8e3b000 	C:\WINDOWS\System32\profapi.dll
0x00007ffde5ad0000 - 0x00007ffde5ada000 	D:\Program Files\Java\jre-10.0.2\bin\dt_socket.dll
0x00007ffde8670000 - 0x00007ffde86d6000 	C:\WINDOWS\System32\mswsock.dll
0x00007ffde8440000 - 0x00007ffde84f6000 	C:\WINDOWS\SYSTEM32\DNSAPI.dll
0x00007ffdec8c0000 - 0x00007ffdec8c8000 	C:\WINDOWS\System32\NSI.dll
0x00007ffde8400000 - 0x00007ffde8439000 	C:\WINDOWS\SYSTEM32\IPHLPAPI.DLL
0x00007ffde0c90000 - 0x00007ffde0d00000 	C:\WINDOWS\System32\fwpuclnt.dll
0x00007ffde8940000 - 0x00007ffde8965000 	C:\WINDOWS\SYSTEM32\bcrypt.dll
0x00007ffde0fd0000 - 0x00007ffde0fda000 	C:\Windows\System32\rasadhlp.dll
0x00007ffddd540000 - 0x00007ffddd55a000 	D:\Program Files\Java\jre-10.0.2\bin\net.dll
0x00007ffde3280000 - 0x00007ffde335e000 	C:\WINDOWS\SYSTEM32\WINHTTP.dll
0x00007ffdd8c70000 - 0x00007ffdd8c81000 	D:\Program Files\Java\jre-10.0.2\bin\nio.dll
0x00007ffde5be0000 - 0x00007ffde5be9000 	D:\Program Files\Java\jre-10.0.2\bin\management.dll
0x00007ffde5b40000 - 0x00007ffde5b4a000 	D:\Program Files\Java\jre-10.0.2\bin\management_ext.dll
0x00007ffdd8ff0000 - 0x00007ffdd9006000 	C:\WINDOWS\system32\napinsp.dll
0x00007ffdd8fb0000 - 0x00007ffdd8fca000 	C:\WINDOWS\system32\pnrpnsp.dll
0x00007ffde5870000 - 0x00007ffde5888000 	C:\WINDOWS\system32\NLAapi.dll
0x00007ffdd8cf0000 - 0x00007ffdd8cfe000 	C:\WINDOWS\System32\winrnr.dll
0x00007ffdd85b0000 - 0x00007ffdd85c5000 	C:\WINDOWS\System32\wshbth.dll
0x00007ffde8840000 - 0x00007ffde8857000 	C:\WINDOWS\SYSTEM32\CRYPTSP.dll
0x00007ffde8270000 - 0x00007ffde82a3000 	C:\WINDOWS\system32\rsaenh.dll
0x00007ffde8ce0000 - 0x00007ffde8d09000 	C:\WINDOWS\SYSTEM32\USERENV.dll
0x00007ffde8830000 - 0x00007ffde883b000 	C:\WINDOWS\SYSTEM32\CRYPTBASE.dll
0x00007ffde2d80000 - 0x00007ffde2d96000 	C:\WINDOWS\SYSTEM32\dhcpcsvc6.DLL
0x00007ffde2ae0000 - 0x00007ffde2afa000 	C:\WINDOWS\SYSTEM32\dhcpcsvc.DLL
0x00007ffde5ae0000 - 0x00007ffde5b03000 	D:\Program Files\Java\jre-10.0.2\bin\sunec.dll
0x00007ffde5b10000 - 0x00007ffde5b1b000 	D:\Program Files\Java\jre-10.0.2\bin\sunmscapi.dll
0x00007ffde8e90000 - 0x00007ffde905e000 	C:\WINDOWS\System32\CRYPT32.dll
0x00007ffde8e00000 - 0x00007ffde8e12000 	C:\WINDOWS\System32\MSASN1.dll

dbghelp: loaded successfully - version: 4.0.5 - missing functions: none
symbol engine: initialized successfully - sym options: 0x614 - pdb path: .;D:\Program Files\Java\jre-10.0.2\bin;C:\WINDOWS\SYSTEM32;C:\WINDOWS\WinSxS\amd64_microsoft.windows.common-controls_6595b64144ccf1df_6.0.16299.726_none_15ccdb369361144a;D:\Program Files\Java\jre-10.0.2\bin\server

VM Arguments:
jvm_args: -agentlib:jdwp=transport=dt_socket,suspend=y,address=localhost:50698 -Dcom.sun.management.jmxremote -Dcom.sun.management.jmxremote.port=50697 -Dcom.sun.management.jmxremote.authenticate=false -Dcom.sun.management.jmxremote.ssl=false -Djava.rmi.server.hostname=localhost -Dspring.liveBeansView.mbeanDomain -Dspring.application.admin.enabled=true -Xverify:none -XX:TieredStopAtLevel=1 -Dfile.encoding=UTF-8 
java_command: com.example.api.SpringBootMongoDbApplication --spring.output.ansi.enabled=always
java_class_path (initial): G:\JavaAngularRestaurant\api\target\classes;C:\Users\admin\.m2\repository\commons-io\commons-io\2.4\commons-io-2.4.jar;C:\Users\admin\.m2\repository\org\springframework\boot\spring-boot-starter-data-mongodb\2.0.2.RELEASE\spring-boot-starter-data-mongodb-2.0.2.RELEASE.jar;C:\Users\admin\.m2\repository\org\springframework\boot\spring-boot-starter\2.0.2.RELEASE\spring-boot-starter-2.0.2.RELEASE.jar;C:\Users\admin\.m2\repository\org\springframework\boot\spring-boot\2.0.2.RELEASE\spring-boot-2.0.2.RELEASE.jar;C:\Users\admin\.m2\repository\org\springframework\boot\spring-boot-autoconfigure\2.0.2.RELEASE\spring-boot-autoconfigure-2.0.2.RELEASE.jar;C:\Users\admin\.m2\repository\org\springframework\boot\spring-boot-starter-logging\2.0.2.RELEASE\spring-boot-starter-logging-2.0.2.RELEASE.jar;C:\Users\admin\.m2\repository\ch\qos\logback\logback-classic\1.2.3\logback-classic-1.2.3.jar;C:\Users\admin\.m2\repository\ch\qos\logback\logback-core\1.2.3\logback-core-1.2.3.jar;C:\Users\admin\.m2\repository\org\apache\logging\log4j\log4j-to-slf4j\2.10.0\log4j-to-slf4j-2.10.0.jar;C:\Users\admin\.m2\repository\org\apache\logging\log4j\log4j-api\2.10.0\log4j-api-2.10.0.jar;C:\Users\admin\.m2\repository\org\slf4j\jul-to-slf4j\1.7.25\jul-to-slf4j-1.7.25.jar;C:\Users\admin\.m2\repository\javax\annotation\javax.annotation-api\1.3.2\javax.annotation-api-1.3.2.jar;C:\Users\admin\.m2\repository\org\yaml\snakeyaml\1.19\snakeyaml-1.19.jar;C:\Users\admin\.m2\repository\org\mongodb\mongodb-driver\3.6.3\mongodb-driver-3.6.3.jar;C:\Users\admin\.m2\repository\org\mongodb\bson\3.6.3\bson-3.6.3.jar;C:\Users\admin\.m2\repository\org\mongodb\mongodb-driver-core\3.6.3\mongodb-driver-core-3.6.3.jar;C:\Users\admin\.m2\repository\org\springframework\data\spring-data-mongodb\2.0.7.RELEASE\spring-data-mongodb-2.0.7.RELEASE.jar;C:\Users\admin\.m2\repository\org\springframework\spring-tx\5.0.6.RELEASE\spring-tx-5.0.6.RELEASE.jar;C:\Users\admin\.m2\repository\org\springframework\spring-e
Launcher Type: SUN_STANDARD

Logging:
Log output configuration:
#0: stdout all=warning uptime,level,tags
#1: stderr all=off uptime,level,tags

Environment Variables:
JAVA_HOME=D:\Java\jdk-10.0.1
PATH=C:\Program Files\Docker\Docker\Resources\bin;C:\Program Files (x86)\Common Files\Oracle\Java\javapath;C:\Program Files\Microsoft MPI\Bin\;C:\WINDOWS\system32;C:\WINDOWS;C:\WINDOWS\System32\Wbem;C:\WINDOWS\System32\WindowsPowerShell\v1.0\;D:\Program Files\Git\cmd;D:\Program Files\nodejs\;D:\Program Files\Microsoft VS Code\bin;C:\Program Files\dotnet\;C:\Program Files\Microsoft SQL Server\130\Tools\Binn\;D:\php;C:\Program Files (x86)\Microsoft SQL Server\Client SDK\ODBC\130\Tools\Binn\;C:\Program Files (x86)\Microsoft SQL Server\140\Tools\Binn\;C:\Program Files (x86)\Microsoft SQL Server\140\DTS\Binn\;C:\Program Files (x86)\Microsoft SQL Server\140\Tools\Binn\ManagementStudio\;C:\Program Files\Microsoft SQL Server\140\Tools\Binn\;C:\Program Files\Microsoft SQL Server\140\DTS\Binn\;C:\Program Files\Microsoft SQL Server\Client SDK\ODBC\130\Tools\Binn\;%JAVA_HOME%;C:\Program Files (x86)\Microsoft Visual Studio\Shared\Python36_64\Scripts\;C:\Program Files (x86)\Microsoft Visual Studio\Shared\Python36_64\;C:\Users\admin\AppData\Local\Microsoft\WindowsApps;C:\Users\admin\AppData\Roaming\npm;D:\Program Files\Microsoft VS Code\bin;D:\Program Files\heroku\bin;
USERNAME=admin
OS=Windows_NT
PROCESSOR_IDENTIFIER=Intel64 Family 6 Model 142 Stepping 9, GenuineIntel



---------------  S Y S T E M  ---------------

OS: Windows 10 , 64 bit Build 16299 (10.0.16299.431)

CPU:total 4 (initial active 4) (2 cores per cpu, 2 threads per core) family 6 model 142 stepping 9, cmov, cx8, fxsr, mmx, sse, sse2, sse3, ssse3, sse4.1, sse4.2, popcnt, avx, avx2, aes, clmul, erms, 3dnowpref, lzcnt, ht, tsc, tscinvbit, bmi1, bmi2, adx, fma

Memory: 4k page, physical 8161996k(1255216k free), swap 14191308k(3562160k free)

vm_info: Java HotSpot(TM) 64-Bit Server VM (10.0.2+13) for windows-amd64 JRE (10.0.2+13), built on Jun 28 2018 01:57:56 by "mach5one" with MS VC++ 12.0 (VS2013)

END.
